<?xml version="1.0" encoding="UTF-8"?>
<!-- Generated by org.testng.reporters.JUnitXMLReporter -->
<testsuite hostname="Admin-PC" ignored="0" name="Default test" tests="3" failures="0" timestamp="10 Mar 2017 07:56:57 GMT" time="0.437" errors="0">
  <testcase name="doLoginTest" time="0.015" classname="testcases.LoginTest"/>
  <testcase name="doLoginTest" time="0.004" classname="testcases.LoginTest"/>
  <testcase name="doLoginTest" time="0.002" classname="testcases.LoginTest"/>
</testsuite> <!-- Default test -->
